<?xml version="1.0" encoding="UTF-8"?>
<!-- Generated by org.testng.reporters.JUnitXMLReporter -->
<testsuite hostname="Kunhu-pc" name="Login test" tests="3" failures="0" timestamp="24 Aug 2015 14:04:06 GMT" time="0.385" errors="0">
  <testcase name="loginTest" time="0.001" classname="com.qtpselenium.testcases.LoginTest">
    <skipped/>
  </testcase> <!-- loginTest -->
  <testcase name="loginTest" time="0.001" classname="com.qtpselenium.testcases.LoginTest">
    <skipped/>
  </testcase> <!-- loginTest -->
  <testcase name="findFriend" time="0.055" classname="com.qtpselenium.testcases.LoginTest">
    <skipped/>
  </testcase> <!-- findFriend -->
</testsuite> <!-- Login test -->
