<?xml version="1.0" encoding="UTF-8"?>
<!-- Generated by org.testng.reporters.JUnitXMLReporter -->
<testsuite hostname="Kunhu-pc" name="Default test" tests="3" failures="0" timestamp="24 Aug 2015 14:00:53 GMT" time="0.467" errors="0">
  <testcase name="@BeforeSuite init" time="0.0" classname="com.qtpselenium.testcases.LoginTest">
    <failure type="org.openqa.selenium.WebDriverException" message="Failed to connect to binary FirefoxBinary(C:\Program Files\Mozilla Firefox\firefox.exe) on port 7055; process output follows: 
add-on ID: C:\Users\Kunhu\AppData\Local\Temp\anonymous1597007606141436132webdriver-profile\extensions\webdriver-staging
1440424810957	addons.xpi	WARN	Failed to add registry install location winreg-app-user: [Exception... &amp;quot;Component returned failure code: 0x80520001 (NS_ERROR_FILE_UNRECOGNIZED_PATH) [nsIFile.initWithPath]&amp;quot;  nsresult: &amp;quot;0x80520001 (NS_ERROR_FILE_UNRECOGNIZED_PATH)&amp;quot;  location: &amp;quot;JS frame :: resource://gre/modules/addons/XPIProvider.jsm :: RegInstallLocation__readAddons :: line 7614&amp;quot;  data: no] Stack trace: RegInstallLocation__readAddons()@resource://gre/modules/addons/XPIProvider.jsm:7614 &amp;lt; WinRegInstallLocation()@resource://gre/modules/addons/XPIProvider.jsm:7573 &amp;lt; addRegistryInstallLocation()@resource://gre/modules/addons/XPIProvider.jsm:1992 &amp;lt; XPI_startup()@resource://gre/modules/addons/XPIProvider.jsm:2037 &amp;lt; callProvider()@resource://gre/modules/AddonManager.jsm:208 &amp;lt; _startProvider()@resource://gre/modules/AddonManager.jsm:667 &amp;lt; AMI_startup()@resource://gre/modules/AddonManager.jsm:824 &amp;lt; AMP_startup()@resource://gre/modules/AddonManager.jsm:2402 &amp;lt; AMC_observe()@resource://gre/components/addonManager.js:55 &amp;lt; &amp;lt;file:unknown&amp;gt;
1440424810959	addons.xpi	INFO	Mapping {972ce4c6-7e08-4474-a285-3208198ce6fd} to C:\Program Files\Mozilla Firefox\browser\extensions\{972ce4c6-7e08-4474-a285-3208198ce6fd}
1440424810960	addons.xpi	DEBUG	Skipping unavailable install location app-system-share
1440424810960	addons.xpi	DEBUG	Skipping unavailable install location app-system-local
1440424810960	addons.xpi	WARN	Ignoring missing add-on in C:\Program Files\Iminent\webbooster@iminent.com
1440424810961	addons.xpi	INFO	Mapping fiddlerhook@fiddler2.com to C:\Program Files\Fiddler2\FiddlerHook
1440424810961	addons.xpi	INFO	Mapping wrc@avast.com to C:\Program Files\AVAST Software\Avast\WebRep\FF
1440424810962	addons.xpi	DEBUG	checkForChanges
1440424810963	addons.xpi	DEBUG	Loaded add-on state from prefs: {&amp;quot;app-profile&amp;quot;:{&amp;quot;fxdriver@googlecode.com&amp;quot;:{&amp;quot;d&amp;quot;:&amp;quot;C:\\Users\\Kunhu\\AppData\\Local\\Temp\\anonymous1597007606141436132webdriver-profile\\extensions\\fxdriver@googlecode.com&amp;quot;,&amp;quot;e&amp;quot;:false,&amp;quot;v&amp;quot;:&amp;quot;2.25.0&amp;quot;,&amp;quot;st&amp;quot;:1440424787961,&amp;quot;mt&amp;quot;:1440424786540}},&amp;quot;app-global&amp;quot;:{&amp;quot;{972ce4c6-7e08-4474-a285-3208198ce6fd}&amp;quot;:{&amp;quot;d&amp;quot;:&amp;quot;C:\\Program Files\\Mozilla Firefox\\browser\\extensions\\{972ce4c6-7e08-4474-a285-3208198ce6fd}&amp;quot;,&amp;quot;e&amp;quot;:true,&amp;quot;v&amp;quot;:&amp;quot;37.0.1&amp;quot;,&amp;quot;st&amp;quot;:1428345432440,&amp;quot;mt&amp;quot;:1428033983000}},&amp;quot;winreg-app-global&amp;quot;:{&amp;quot;fiddlerhook@fiddler2.com&amp;quot;:{&amp;quot;d&amp;quot;:&amp;quot;C:\\Program Files\\Fiddler2\\FiddlerHook&amp;quot;,&amp;quot;e&amp;quot;:false,&amp;quot;v&amp;quot;:&amp;quot;2.4.9.7&amp;quot;,&amp;quot;st&amp;quot;:1438873444933,&amp;quot;mt&amp;quot;:1416625068000},&amp;quot;wrc@avast.com&amp;quot;:{&amp;quot;d&amp;quot;:&amp;quot;C:\\Program Files\\AVAST Software\\Avast\\WebRep\\FF&amp;quot;,&amp;quot;e&amp;quot;:false,&amp;quot;v&amp;quot;:&amp;quot;10.2.0.187&amp;quot;,&amp;quot;st&amp;quot;:1437418384159,&amp;quot;mt&amp;quot;:1437418342601}}}
1440424810965	addons.xpi	DEBUG	getModTime: Recursive scan of {972ce4c6-7e08-4474-a285-3208198ce6fd}
1440424810968	addons.xpi	DEBUG	getInstallState changed: false, state: {&amp;quot;app-profile&amp;quot;:{&amp;quot;fxdriver@googlecode.com&amp;quot;:{&amp;quot;d&amp;quot;:&amp;quot;C:\\Users\\Kunhu\\AppData\\Local\\Temp\\anonymous1597007606141436132webdriver-profile\\extensions\\fxdriver@googlecode.com&amp;quot;,&amp;quot;e&amp;quot;:false,&amp;quot;v&amp;quot;:&amp;quot;2.25.0&amp;quot;,&amp;quot;st&amp;quot;:1440424787961,&amp;quot;mt&amp;quot;:1440424786540}},&amp;quot;app-global&amp;quot;:{&amp;quot;{972ce4c6-7e08-4474-a285-3208198ce6fd}&amp;quot;:{&amp;quot;d&amp;quot;:&amp;quot;C:\\Program Files\\Mozilla Firefox\\browser\\extensions\\{972ce4c6-7e08-4474-a285-3208198ce6fd}&amp;quot;,&amp;quot;e&amp;quot;:true,&amp;quot;v&amp;quot;:&amp;quot;37.0.1&amp;quot;,&amp;quot;st&amp;quot;:1428345432440,&amp;quot;mt&amp;quot;:1428033983000}},&amp;quot;winreg-app-global&amp;quot;:{&amp;quot;fiddlerhook@fiddler2.com&amp;quot;:{&amp;quot;d&amp;quot;:&amp;quot;C:\\Program Files\\Fiddler2\\FiddlerHook&amp;quot;,&amp;quot;e&amp;quot;:false,&amp;quot;v&amp;quot;:&amp;quot;2.4.9.7&amp;quot;,&amp;quot;st&amp;quot;:1438873444933,&amp;quot;mt&amp;quot;:1416625068000},&amp;quot;wrc@avast.com&amp;quot;:{&amp;quot;d&amp;quot;:&amp;quot;C:\\Program Files\\AVAST Software\\Avast\\WebRep\\FF&amp;quot;,&amp;quot;e&amp;quot;:false,&amp;quot;v&amp;quot;:&amp;quot;10.2.0.187&amp;quot;,&amp;quot;st&amp;quot;:1437418384159,&amp;quot;mt&amp;quot;:1437418342601}}}
1440424810971	addons.xpi	DEBUG	No changes found
1440424810977	addons.manager	DEBUG	Registering shutdown blocker for XPIProvider
1440424810978	addons.manager	DEBUG	Registering shutdown blocker for LightweightThemeManager
1440424810982	addons.manager	DEBUG	Registering shutdown blocker for GMPProvider
1440424810983	addons.manager	DEBUG	Registering shutdown blocker for PluginProvider
1440424819971	addons.manager	DEBUG	Registering shutdown blocker for &amp;lt;unnamed-provider&amp;gt;

Build info: version: &amp;apos;2.25.0&amp;apos;, revision: &amp;apos;17482&amp;apos;, time: &amp;apos;2012-07-18 21:09:54&amp;apos;
System info: os.name: &amp;apos;Windows 7&amp;apos;, os.arch: &amp;apos;x86&amp;apos;, os.version: &amp;apos;6.1&amp;apos;, java.version: &amp;apos;1.7.0_40&amp;apos;
Driver info: driver.version: FirefoxDriver">
      <![CDATA[org.openqa.selenium.WebDriverException: Failed to connect to binary FirefoxBinary(C:\Program Files\Mozilla Firefox\firefox.exe) on port 7055; process output follows: 
add-on ID: C:\Users\Kunhu\AppData\Local\Temp\anonymous1597007606141436132webdriver-profile\extensions\webdriver-staging
1440424810957	addons.xpi	WARN	Failed to add registry install location winreg-app-user: [Exception... "Component returned failure code: 0x80520001 (NS_ERROR_FILE_UNRECOGNIZED_PATH) [nsIFile.initWithPath]"  nsresult: "0x80520001 (NS_ERROR_FILE_UNRECOGNIZED_PATH)"  location: "JS frame :: resource://gre/modules/addons/XPIProvider.jsm :: RegInstallLocation__readAddons :: line 7614"  data: no] Stack trace: RegInstallLocation__readAddons()@resource://gre/modules/addons/XPIProvider.jsm:7614 < WinRegInstallLocation()@resource://gre/modules/addons/XPIProvider.jsm:7573 < addRegistryInstallLocation()@resource://gre/modules/addons/XPIProvider.jsm:1992 < XPI_startup()@resource://gre/modules/addons/XPIProvider.jsm:2037 < callProvider()@resource://gre/modules/AddonManager.jsm:208 < _startProvider()@resource://gre/modules/AddonManager.jsm:667 < AMI_startup()@resource://gre/modules/AddonManager.jsm:824 < AMP_startup()@resource://gre/modules/AddonManager.jsm:2402 < AMC_observe()@resource://gre/components/addonManager.js:55 < <file:unknown>
1440424810959	addons.xpi	INFO	Mapping {972ce4c6-7e08-4474-a285-3208198ce6fd} to C:\Program Files\Mozilla Firefox\browser\extensions\{972ce4c6-7e08-4474-a285-3208198ce6fd}
1440424810960	addons.xpi	DEBUG	Skipping unavailable install location app-system-share
1440424810960	addons.xpi	DEBUG	Skipping unavailable install location app-system-local
1440424810960	addons.xpi	WARN	Ignoring missing add-on in C:\Program Files\Iminent\webbooster@iminent.com
1440424810961	addons.xpi	INFO	Mapping fiddlerhook@fiddler2.com to C:\Program Files\Fiddler2\FiddlerHook
1440424810961	addons.xpi	INFO	Mapping wrc@avast.com to C:\Program Files\AVAST Software\Avast\WebRep\FF
1440424810962	addons.xpi	DEBUG	checkForChanges
1440424810963	addons.xpi	DEBUG	Loaded add-on state from prefs: {"app-profile":{"fxdriver@googlecode.com":{"d":"C:\\Users\\Kunhu\\AppData\\Local\\Temp\\anonymous1597007606141436132webdriver-profile\\extensions\\fxdriver@googlecode.com","e":false,"v":"2.25.0","st":1440424787961,"mt":1440424786540}},"app-global":{"{972ce4c6-7e08-4474-a285-3208198ce6fd}":{"d":"C:\\Program Files\\Mozilla Firefox\\browser\\extensions\\{972ce4c6-7e08-4474-a285-3208198ce6fd}","e":true,"v":"37.0.1","st":1428345432440,"mt":1428033983000}},"winreg-app-global":{"fiddlerhook@fiddler2.com":{"d":"C:\\Program Files\\Fiddler2\\FiddlerHook","e":false,"v":"2.4.9.7","st":1438873444933,"mt":1416625068000},"wrc@avast.com":{"d":"C:\\Program Files\\AVAST Software\\Avast\\WebRep\\FF","e":false,"v":"10.2.0.187","st":1437418384159,"mt":1437418342601}}}
1440424810965	addons.xpi	DEBUG	getModTime: Recursive scan of {972ce4c6-7e08-4474-a285-3208198ce6fd}
1440424810968	addons.xpi	DEBUG	getInstallState changed: false, state: {"app-profile":{"fxdriver@googlecode.com":{"d":"C:\\Users\\Kunhu\\AppData\\Local\\Temp\\anonymous1597007606141436132webdriver-profile\\extensions\\fxdriver@googlecode.com","e":false,"v":"2.25.0","st":1440424787961,"mt":1440424786540}},"app-global":{"{972ce4c6-7e08-4474-a285-3208198ce6fd}":{"d":"C:\\Program Files\\Mozilla Firefox\\browser\\extensions\\{972ce4c6-7e08-4474-a285-3208198ce6fd}","e":true,"v":"37.0.1","st":1428345432440,"mt":1428033983000}},"winreg-app-global":{"fiddlerhook@fiddler2.com":{"d":"C:\\Program Files\\Fiddler2\\FiddlerHook","e":false,"v":"2.4.9.7","st":1438873444933,"mt":1416625068000},"wrc@avast.com":{"d":"C:\\Program Files\\AVAST Software\\Avast\\WebRep\\FF","e":false,"v":"10.2.0.187","st":1437418384159,"mt":1437418342601}}}
1440424810971	addons.xpi	DEBUG	No changes found
1440424810977	addons.manager	DEBUG	Registering shutdown blocker for XPIProvider
1440424810978	addons.manager	DEBUG	Registering shutdown blocker for LightweightThemeManager
1440424810982	addons.manager	DEBUG	Registering shutdown blocker for GMPProvider
1440424810983	addons.manager	DEBUG	Registering shutdown blocker for PluginProvider
1440424819971	addons.manager	DEBUG	Registering shutdown blocker for <unnamed-provider>

Build info: version: '2.25.0', revision: '17482', time: '2012-07-18 21:09:54'
System info: os.name: 'Windows 7', os.arch: 'x86', os.version: '6.1', java.version: '1.7.0_40'
Driver info: driver.version: FirefoxDriver
	at org.openqa.selenium.firefox.internal.NewProfileExtensionConnection.start(NewProfileExtensionConnection.java:121)
	at org.openqa.selenium.firefox.FirefoxDriver.startClient(FirefoxDriver.java:245)
	at org.openqa.selenium.remote.RemoteWebDriver.<init>(RemoteWebDriver.java:109)
	at org.openqa.selenium.firefox.FirefoxDriver.<init>(FirefoxDriver.java:185)
	at org.openqa.selenium.firefox.FirefoxDriver.<init>(FirefoxDriver.java:178)
	at org.openqa.selenium.firefox.FirefoxDriver.<init>(FirefoxDriver.java:174)
	at org.openqa.selenium.firefox.FirefoxDriver.<init>(FirefoxDriver.java:92)
	at com.qtpselenium.testcases.TestBase.initDriver(TestBase.java:49)
	at com.qtpselenium.testcases.LoginTest.init(LoginTest.java:28)
	at sun.reflect.NativeMethodAccessorImpl.invoke0(Native Method)
	at sun.reflect.NativeMethodAccessorImpl.invoke(Unknown Source)
	at sun.reflect.DelegatingMethodAccessorImpl.invoke(Unknown Source)
	at java.lang.reflect.Method.invoke(Unknown Source)
	at org.testng.internal.MethodInvocationHelper.invokeMethod(MethodInvocationHelper.java:84)
	at org.testng.internal.Invoker.invokeConfigurationMethod(Invoker.java:564)
	at org.testng.internal.Invoker.invokeConfigurations(Invoker.java:213)
	at org.testng.internal.Invoker.invokeConfigurations(Invoker.java:138)
	at org.testng.SuiteRunner.privateRun(SuiteRunner.java:277)
	at org.testng.SuiteRunner.run(SuiteRunner.java:240)
	at org.testng.SuiteRunnerWorker.runSuite(SuiteRunnerWorker.java:52)
	at org.testng.SuiteRunnerWorker.run(SuiteRunnerWorker.java:86)
	at org.testng.TestNG.runSuitesSequentially(TestNG.java:1224)
	at org.testng.TestNG.runSuitesLocally(TestNG.java:1149)
	at org.testng.TestNG.run(TestNG.java:1057)
	at org.testng.remote.RemoteTestNG.run(RemoteTestNG.java:111)
	at org.testng.remote.RemoteTestNG.initAndRun(RemoteTestNG.java:204)
	at org.testng.remote.RemoteTestNG.main(RemoteTestNG.java:175)
Caused by: org.openqa.selenium.firefox.NotConnectedException: Unable to connect to host 127.0.0.1 on port 7055 after 45000 ms. Firefox console output:
add-on ID: C:\Users\Kunhu\AppData\Local\Temp\anonymous1597007606141436132webdriver-profile\extensions\webdriver-staging
1440424810957	addons.xpi	WARN	Failed to add registry install location winreg-app-user: [Exception... "Component returned failure code: 0x80520001 (NS_ERROR_FILE_UNRECOGNIZED_PATH) [nsIFile.initWithPath]"  nsresult: "0x80520001 (NS_ERROR_FILE_UNRECOGNIZED_PATH)"  location: "JS frame :: resource://gre/modules/addons/XPIProvider.jsm :: RegInstallLocation__readAddons :: line 7614"  data: no] Stack trace: RegInstallLocation__readAddons()@resource://gre/modules/addons/XPIProvider.jsm:7614 < WinRegInstallLocation()@resource://gre/modules/addons/XPIProvider.jsm:7573 < addRegistryInstallLocation()@resource://gre/modules/addons/XPIProvider.jsm:1992 < XPI_startup()@resource://gre/modules/addons/XPIProvider.jsm:2037 < callProvider()@resource://gre/modules/AddonManager.jsm:208 < _startProvider()@resource://gre/modules/AddonManager.jsm:667 < AMI_startup()@resource://gre/modules/AddonManager.jsm:824 < AMP_startup()@resource://gre/modules/AddonManager.jsm:2402 < AMC_observe()@resource://gre/components/addonManager.js:55 < <file:unknown>
1440424810959	addons.xpi	INFO	Mapping {972ce4c6-7e08-4474-a285-3208198ce6fd} to C:\Program Files\Mozilla Firefox\browser\extensions\{972ce4c6-7e08-4474-a285-3208198ce6fd}
1440424810960	addons.xpi	DEBUG	Skipping unavailable install location app-system-share
1440424810960	addons.xpi	DEBUG	Skipping unavailable install location app-system-local
1440424810960	addons.xpi	WARN	Ignoring missing add-on in C:\Program Files\Iminent\webbooster@iminent.com
1440424810961	addons.xpi	INFO	Mapping fiddlerhook@fiddler2.com to C:\Program Files\Fiddler2\FiddlerHook
1440424810961	addons.xpi	INFO	Mapping wrc@avast.com to C:\Program Files\AVAST Software\Avast\WebRep\FF
1440424810962	addons.xpi	DEBUG	checkForChanges
1440424810963	addons.xpi	DEBUG	Loaded add-on state from prefs: {"app-profile":{"fxdriver@googlecode.com":{"d":"C:\\Users\\Kunhu\\AppData\\Local\\Temp\\anonymous1597007606141436132webdriver-profile\\extensions\\fxdriver@googlecode.com","e":false,"v":"2.25.0","st":1440424787961,"mt":1440424786540}},"app-global":{"{972ce4c6-7e08-4474-a285-3208198ce6fd}":{"d":"C:\\Program Files\\Mozilla Firefox\\browser\\extensions\\{972ce4c6-7e08-4474-a285-3208198ce6fd}","e":true,"v":"37.0.1","st":1428345432440,"mt":1428033983000}},"winreg-app-global":{"fiddlerhook@fiddler2.com":{"d":"C:\\Program Files\\Fiddler2\\FiddlerHook","e":false,"v":"2.4.9.7","st":1438873444933,"mt":1416625068000},"wrc@avast.com":{"d":"C:\\Program Files\\AVAST Software\\Avast\\WebRep\\FF","e":false,"v":"10.2.0.187","st":1437418384159,"mt":1437418342601}}}
1440424810965	addons.xpi	DEBUG	getModTime: Recursive scan of {972ce4c6-7e08-4474-a285-3208198ce6fd}
1440424810968	addons.xpi	DEBUG	getInstallState changed: false, state: {"app-profile":{"fxdriver@googlecode.com":{"d":"C:\\Users\\Kunhu\\AppData\\Local\\Temp\\anonymous1597007606141436132webdriver-profile\\extensions\\fxdriver@googlecode.com","e":false,"v":"2.25.0","st":1440424787961,"mt":1440424786540}},"app-global":{"{972ce4c6-7e08-4474-a285-3208198ce6fd}":{"d":"C:\\Program Files\\Mozilla Firefox\\browser\\extensions\\{972ce4c6-7e08-4474-a285-3208198ce6fd}","e":true,"v":"37.0.1","st":1428345432440,"mt":1428033983000}},"winreg-app-global":{"fiddlerhook@fiddler2.com":{"d":"C:\\Program Files\\Fiddler2\\FiddlerHook","e":false,"v":"2.4.9.7","st":1438873444933,"mt":1416625068000},"wrc@avast.com":{"d":"C:\\Program Files\\AVAST Software\\Avast\\WebRep\\FF","e":false,"v":"10.2.0.187","st":1437418384159,"mt":1437418342601}}}
1440424810971	addons.xpi	DEBUG	No changes found
1440424810977	addons.manager	DEBUG	Registering shutdown blocker for XPIProvider
1440424810978	addons.manager	DEBUG	Registering shutdown blocker for LightweightThemeManager
1440424810982	addons.manager	DEBUG	Registering shutdown blocker for GMPProvider
1440424810983	addons.manager	DEBUG	Registering shutdown blocker for PluginProvider
1440424819971	addons.manager	DEBUG	Registering shutdown blocker for <unnamed-provider>

	at org.openqa.selenium.firefox.internal.NewProfileExtensionConnection.start(NewProfileExtensionConnection.java:109)
	... 26 more
]]>
    </failure>
  </testcase> <!-- @BeforeSuite init -->
  <testcase name="loginTest" time="0.001" classname="com.qtpselenium.testcases.LoginTest">
    <skipped/>
  </testcase> <!-- loginTest -->
  <testcase name="loginTest" time="0.002" classname="com.qtpselenium.testcases.LoginTest">
    <skipped/>
  </testcase> <!-- loginTest -->
  <testcase name="findFriend" time="0.037" classname="com.qtpselenium.testcases.LoginTest">
    <skipped/>
  </testcase> <!-- findFriend -->
</testsuite> <!-- Default test -->
